#
# A fatal error has been detected by the Java Runtime Environment:
#
#  EXCEPTION_ACCESS_VIOLATION (0xc0000005) at pc=0x16346001, pid=11456, tid=0x00001b5c
#
# JRE version: Java(TM) SE Runtime Environment (8.0_201-b09) (build 1.8.0_201-b09)
# Java VM: Java HotSpot(TM) Client VM (25.201-b09 mixed mode, sharing windows-x86 )
# Problematic frame:
# C  0x16346001
#
# Failed to write core dump. Minidumps are not enabled by default on client versions of Windows
#
# If you would like to submit a bug report, please visit:
#   http://bugreport.java.com/bugreport/crash.jsp
# The crash happened outside the Java Virtual Machine in native code.
# See problematic frame for where to report the bug.
#

---------------  T H R E A D  ---------------

Current thread (0x02928800):  JavaThread "Finalizer" daemon [_thread_in_native, id=7004, stack(0x14bb0000,0x14c00000)]

siginfo: ExceptionCode=0xc0000005, ExceptionInformation=0x00000008 0x16346001

Registers:
EAX=0x16346001, EBX=0x1759e878, ECX=0x02928940, EDX=0x1759eb88
ESP=0x14bff80c, EBP=0x14bff84c, ESI=0x1759e878, EDI=0x02928800
EIP=0x16346001, EFLAGS=0x00010283

Top of Stack: (sp=0x14bff80c)
0x14bff80c:   029adaf1 02928940 14bff854 00b704b0
0x14bff81c:   00000000 14bff828 050084b0 00000009
0x14bff82c:   14bff82c 00000000 14bff860 1759eb88
0x14bff83c:   00000000 1759e878 00000000 14bff85c
0x14bff84c:   14bff884 029a4864 0a504a90 029aa1c9
0x14bff85c:   00b704b0 00000000 14bff864 1759cf3d
0x14bff86c:   14bff88c 1759eb88 00000000 1759cf60
0x14bff87c:   14bff85c 14bff890 14bff920 02af39c0 

Instructions: (pc=0x16346001)
0x16345fe1:   
[error occurred during error reporting (printing registers, top of stack, instructions near pc), id 0xc0000005]

Register to memory mapping:

EAX=0x16346001 is an unknown value
EBX={method} {0x1759e87c} 'free' '(J)V' in 'com/sun/jna/Memory'
ECX=0x02928940 is an unknown value
EDX=0x1759eb88 is pointing into metadata
ESP=0x14bff80c is pointing into the stack for thread: 0x02928800
EBP=0x14bff84c is pointing into the stack for thread: 0x02928800
ESI={method} {0x1759e87c} 'free' '(J)V' in 'com/sun/jna/Memory'
EDI=0x02928800 is a thread


Stack: [0x14bb0000,0x14c00000],  sp=0x14bff80c,  free space=318k
Native frames: (J=compiled Java code, j=interpreted, Vv=VM code, C=native code)
C  0x16346001
j  com.sun.jna.Memory.finalize()V+13
J 539 C1 java.lang.ref.Finalizer.runFinalizer(Lsun/misc/JavaLangAccess;)V (62 bytes) @ 0x02af39c0 [0x02af3820+0x1a0]
J 538 C1 java.lang.ref.Finalizer.access$100(Ljava/lang/ref/Finalizer;Lsun/misc/JavaLangAccess;)V (6 bytes) @ 0x02af3614 [0x02af3600+0x14]
j  java.lang.ref.Finalizer$FinalizerThread.run()V+45
v  ~StubRoutines::call_stub
V  [jvm.dll+0x15c215]
V  [jvm.dll+0x22512e]
V  [jvm.dll+0x15c2ae]
V  [jvm.dll+0x15c436]
V  [jvm.dll+0x15c4a7]
V  [jvm.dll+0x1001df]
V  [jvm.dll+0x17f590]
V  [jvm.dll+0x17fe0a]
V  [jvm.dll+0x1c6a76]
C  [msvcr100.dll+0x5c556]
C  [msvcr100.dll+0x5c600]
C  [KERNEL32.DLL+0x1fa29]
C  [ntdll.dll+0x67a9e]
C  [ntdll.dll+0x67a6e]
C  0x00000000

Java frames: (J=compiled Java code, j=interpreted, Vv=VM code)
j  com.sun.jna.Memory.free(J)V+0
j  com.sun.jna.Memory.finalize()V+13
J 539 C1 java.lang.ref.Finalizer.runFinalizer(Lsun/misc/JavaLangAccess;)V (62 bytes) @ 0x02af39c0 [0x02af3820+0x1a0]
J 538 C1 java.lang.ref.Finalizer.access$100(Ljava/lang/ref/Finalizer;Lsun/misc/JavaLangAccess;)V (6 bytes) @ 0x02af3614 [0x02af3600+0x14]
j  java.lang.ref.Finalizer$FinalizerThread.run()V+45
v  ~StubRoutines::call_stub

---------------  P R O C E S S  ---------------

Java Threads: ( => current thread )
  0x15dd5000 JavaThread "SIGINT handler" daemon [_thread_blocked, id=9840, stack(0x00770000,0x007c0000)]
  0x1671a000 JavaThread "RMI TCP Accept-0" daemon [_thread_in_native, id=900, stack(0x161b0000,0x16200000)]
  0x15f12400 JavaThread "Service Thread" daemon [_thread_blocked, id=7260, stack(0x16120000,0x16170000)]
  0x15f2b000 JavaThread "C1 CompilerThread0" daemon [_thread_blocked, id=12940, stack(0x16090000,0x160e0000)]
  0x15f35000 JavaThread "Monitor Ctrl-Break" daemon [_thread_in_native, id=5872, stack(0x16000000,0x16050000)]
  0x02945000 JavaThread "Attach Listener" daemon [_thread_blocked, id=7116, stack(0x157b0000,0x15800000)]
  0x02941000 JavaThread "Signal Dispatcher" daemon [_thread_blocked, id=8172, stack(0x15720000,0x15770000)]
=>0x02928800 JavaThread "Finalizer" daemon [_thread_in_native, id=7004, stack(0x14bb0000,0x14c00000)]
  0x028ca800 JavaThread "Reference Handler" daemon [_thread_blocked, id=4900, stack(0x14b20000,0x14b70000)]
  0x028a1c00 JavaThread "main" [_thread_in_native, id=7696, stack(0x00aa0000,0x00af0000)]

Other Threads:
  0x028c8400 VMThread [stack: 0x14a90000,0x14ae0000] [id=3236]
  0x16721800 WatcherThread [stack: 0x16240000,0x16290000] [id=12224]

VM state:not at safepoint (normal execution)

VM Mutex/Monitor currently owned by a thread: None

Heap:
 def new generation   total 6080K, used 481K [0x04a00000, 0x05090000, 0x09f50000)
  eden space 5440K,   6% used [0x04a00000, 0x04a51e18, 0x04f50000)
  from space 640K,  23% used [0x04ff0000, 0x05016638, 0x05090000)
  to   space 640K,   0% used [0x04f50000, 0x04f50000, 0x04ff0000)
 tenured generation   total 13356K, used 8012K [0x09f50000, 0x0ac5b000, 0x14a00000)
   the space 13356K,  59% used [0x09f50000, 0x0a7232d0, 0x0a723400, 0x0ac5b000)
 Metaspace       used 8539K, capacity 9353K, committed 9472K, reserved 9600K

Card table byte_map: [0x14a00000,0x14a90000] byte_map_base: 0x149db000

Polling page: 0x00a80000

CodeCache: size=32768Kb used=1978Kb max_used=1978Kb free=30790Kb
 bounds [0x029a0000, 0x02b90000, 0x049a0000]
 total_blobs=1139 nmethods=954 adapters=115
 compilation: enabled

Compilation events (10 events):
Event: 34.919 Thread 0x15f2b000  950             org.springframework.boot.ansi.AnsiOutput::buildEnabled (127 bytes)
Event: 34.920 Thread 0x15f2b000 nmethod 950 0x02b8bf88 code [0x02b8c100, 0x02b8c3c0]
Event: 34.922 Thread 0x15f2b000  951             ch.qos.logback.core.pattern.SpacePadder::spacePad (53 bytes)
Event: 34.922 Thread 0x15f2b000 nmethod 951 0x02b3f448 code [0x02b3f570, 0x02b3f6d8]
Event: 34.923 Thread 0x15f2b000  952             ch.qos.logback.core.pattern.PatternLayoutBase::writeLoopOnConverters (39 bytes)
Event: 34.923 Thread 0x15f2b000 nmethod 952 0x02b8c748 code [0x02b8c860, 0x02b8ca78]
Event: 34.923 Thread 0x15f2b000  953             ch.qos.logback.core.pattern.Converter::getNext (5 bytes)
Event: 34.923 Thread 0x15f2b000 nmethod 953 0x02b3f288 code [0x02b3f380, 0x02b3f400]
Event: 34.924 Thread 0x15f2b000  954             ch.qos.logback.core.pattern.CompositeConverter::convert (43 bytes)
Event: 34.924 Thread 0x15f2b000 nmethod 954 0x02b8cbc8 code [0x02b8ccf0, 0x02b8cf24]

GC Heap History (10 events):
Event: 7.813 GC heap before
{Heap before GC invocations=22 (full 0):
 def new generation   total 4928K, used 4928K [0x04a00000, 0x04f50000, 0x09f50000)
  eden space 4416K, 100% used [0x04a00000, 0x04e50000, 0x04e50000)
  from space 512K, 100% used [0x04e50000, 0x04ed0000, 0x04ed0000)
  to   space 512K,   0% used [0x04ed0000, 0x04ed0000, 0x04f50000)
 tenured generation   total 10944K, used 7895K [0x09f50000, 0x0aa00000, 0x14a00000)
   the space 10944K,  72% used [0x09f50000, 0x0a705c48, 0x0a705e00, 0x0aa00000)
 Metaspace       used 8405K, capacity 9205K, committed 9216K, reserved 9600K
Event: 7.817 GC heap after
Heap after GC invocations=23 (full 0):
 def new generation   total 4928K, used 511K [0x04a00000, 0x04f50000, 0x09f50000)
  eden space 4416K,   0% used [0x04a00000, 0x04a00000, 0x04e50000)
  from space 512K,  99% used [0x04ed0000, 0x04f4fff8, 0x04f50000)
  to   space 512K,   0% used [0x04e50000, 0x04e50000, 0x04ed0000)
 tenured generation   total 10944K, used 9452K [0x09f50000, 0x0aa00000, 0x14a00000)
   the space 10944K,  86% used [0x09f50000, 0x0a88b098, 0x0a88b200, 0x0aa00000)
 Metaspace       used 8405K, capacity 9205K, committed 9216K, reserved 9600K
}
Event: 7.871 GC heap before
{Heap before GC invocations=23 (full 0):
 def new generation   total 4928K, used 4927K [0x04a00000, 0x04f50000, 0x09f50000)
  eden space 4416K, 100% used [0x04a00000, 0x04e50000, 0x04e50000)
  from space 512K,  99% used [0x04ed0000, 0x04f4fff8, 0x04f50000)
  to   space 512K,   0% used [0x04e50000, 0x04e50000, 0x04ed0000)
 tenured generation   total 10944K, used 9452K [0x09f50000, 0x0aa00000, 0x14a00000)
   the space 10944K,  86% used [0x09f50000, 0x0a88b098, 0x0a88b200, 0x0aa00000)
 Metaspace       used 8405K, capacity 9205K, committed 9216K, reserved 9600K
Event: 7.872 GC heap after
Heap after GC invocations=24 (full 0):
 def new generation   total 4928K, used 0K [0x04a00000, 0x04f50000, 0x09f50000)
  eden space 4416K,   0% used [0x04a00000, 0x04a00000, 0x04e50000)
  from space 512K,   0% used [0x04e50000, 0x04e50038, 0x04ed0000)
  to   space 512K,   0% used [0x04ed0000, 0x04ed0000, 0x04f50000)
 tenured generation   total 10944K, used 9964K [0x09f50000, 0x0aa00000, 0x14a00000)
   the space 10944K,  91% used [0x09f50000, 0x0a90b040, 0x0a90b200, 0x0aa00000)
 Metaspace       used 8405K, capacity 9205K, committed 9216K, reserved 9600K
}
Event: 7.888 GC heap before
{Heap before GC invocations=24 (full 0):
 def new generation   total 4928K, used 4416K [0x04a00000, 0x04f50000, 0x09f50000)
  eden space 4416K, 100% used [0x04a00000, 0x04e50000, 0x04e50000)
  from space 512K,   0% used [0x04e50000, 0x04e50038, 0x04ed0000)
  to   space 512K,   0% used [0x04ed0000, 0x04ed0000, 0x04f50000)
 tenured generation   total 10944K, used 9964K [0x09f50000, 0x0aa00000, 0x14a00000)
   the space 10944K,  91% used [0x09f50000, 0x0a90b040, 0x0a90b200, 0x0aa00000)
 Metaspace       used 8407K, capacity 9205K, committed 9216K, reserved 9600K
Event: 7.890 GC heap after
Heap after GC invocations=25 (full 0):
 def new generation   total 4928K, used 512K [0x04a00000, 0x04f50000, 0x09f50000)
  eden space 4416K,   0% used [0x04a00000, 0x04a00000, 0x04e50000)
  from space 512K, 100% used [0x04ed0000, 0x04f50000, 0x04f50000)
  to   space 512K,   0% used [0x04e50000, 0x04e50000, 0x04ed0000)
 tenured generation   total 10944K, used 10895K [0x09f50000, 0x0aa00000, 0x14a00000)
   the space 10944K,  99% used [0x09f50000, 0x0a9f3f08, 0x0a9f4000, 0x0aa00000)
 Metaspace       used 8407K, capacity 9205K, committed 9216K, reserved 9600K
}
Event: 13.127 GC heap before
{Heap before GC invocations=25 (full 0):
 def new generation   total 4928K, used 4928K [0x04a00000, 0x04f50000, 0x09f50000)
  eden space 4416K, 100% used [0x04a00000, 0x04e50000, 0x04e50000)
  from space 512K, 100% used [0x04ed0000, 0x04f50000, 0x04f50000)
  to   space 512K,   0% used [0x04e50000, 0x04e50000, 0x04ed0000)
 tenured generation   total 10944K, used 10895K [0x09f50000, 0x0aa00000, 0x14a00000)
   the space 10944K,  99% used [0x09f50000, 0x0a9f3f08, 0x0a9f4000, 0x0aa00000)
 Metaspace       used 8407K, capacity 9205K, committed 9216K, reserved 9600K
Event: 13.143 GC heap after
Heap after GC invocations=26 (full 1):
 def new generation   total 6080K, used 0K [0x04a00000, 0x05090000, 0x09f50000)
  eden space 5440K,   0% used [0x04a00000, 0x04a00000, 0x04f50000)
  from space 640K,   0% used [0x04f50000, 0x04f50000, 0x04ff0000)
  to   space 640K,   0% used [0x04ff0000, 0x04ff0000, 0x05090000)
 tenured generation   total 13356K, used 8012K [0x09f50000, 0x0ac5b000, 0x14a00000)
   the space 13356K,  59% used [0x09f50000, 0x0a7232d0, 0x0a723400, 0x0ac5b000)
 Metaspace       used 8407K, capacity 9205K, committed 9216K, reserved 9600K
}
Event: 109.907 GC heap before
{Heap before GC invocations=26 (full 1):
 def new generation   total 6080K, used 5440K [0x04a00000, 0x05090000, 0x09f50000)
  eden space 5440K, 100% used [0x04a00000, 0x04f50000, 0x04f50000)
  from space 640K,   0% used [0x04f50000, 0x04f50000, 0x04ff0000)
  to   space 640K,   0% used [0x04ff0000, 0x04ff0000, 0x05090000)
 tenured generation   total 13356K, used 8012K [0x09f50000, 0x0ac5b000, 0x14a00000)
   the space 13356K,  59% used [0x09f50000, 0x0a7232d0, 0x0a723400, 0x0ac5b000)
 Metaspace       used 8528K, capacity 9333K, committed 9344K, reserved 9600K
Event: 109.908 GC heap after
Heap after GC invocations=27 (full 1):
 def new generation   total 6080K, used 153K [0x04a00000, 0x05090000, 0x09f50000)
  eden space 5440K,   0% used [0x04a00000, 0x04a00000, 0x04f50000)
  from space 640K,  23% used [0x04ff0000, 0x05016638, 0x05090000)
  to   space 640K,   0% used [0x04f50000, 0x04f50000, 0x04ff0000)
 tenured generation   total 13356K, used 8012K [0x09f50000, 0x0ac5b000, 0x14a00000)
   the space 13356K,  59% used [0x09f50000, 0x0a7232d0, 0x0a723400, 0x0ac5b000)
 Metaspace       used 8528K, capacity 9333K, committed 9344K, reserved 9600K
}

Deoptimization events (0 events):
No events

Classes redefined (0 events):
No events

Internal exceptions (10 events):
Event: 1.325 Thread 0x028a1c00 Exception <a 'java/lang/ArrayIndexOutOfBoundsException'> (0x04b59320) thrown at [C:\re\workspace\8-2-build-windows-i586-cygwin\jdk8u201\12322\hotspot\src\share\vm\runtime\sharedRuntime.cpp, line 605]
Event: 1.329 Thread 0x028a1c00 Exception <a 'java/lang/ArrayIndexOutOfBoundsException'> (0x04bcf148) thrown at [C:\re\workspace\8-2-build-windows-i586-cygwin\jdk8u201\12322\hotspot\src\share\vm\runtime\sharedRuntime.cpp, line 605]
Event: 1.330 Thread 0x028a1c00 Exception <a 'java/lang/ArrayIndexOutOfBoundsException'> (0x04bd8ee0) thrown at [C:\re\workspace\8-2-build-windows-i586-cygwin\jdk8u201\12322\hotspot\src\share\vm\runtime\sharedRuntime.cpp, line 605]
Event: 1.330 Thread 0x028a1c00 Exception <a 'java/lang/ArrayIndexOutOfBoundsException'> (0x04bda0c0) thrown at [C:\re\workspace\8-2-build-windows-i586-cygwin\jdk8u201\12322\hotspot\src\share\vm\runtime\sharedRuntime.cpp, line 605]
Event: 2.437 Thread 0x028a1c00 Exception <a 'java/io/FileNotFoundException'> (0x04d4d430) thrown at [C:\re\workspace\8-2-build-windows-i586-cygwin\jdk8u201\12322\hotspot\src\share\vm\prims\jni.cpp, line 709]
Event: 7.886 Thread 0x028a1c00 Exception <a 'java/io/FileNotFoundException'> (0x04b35b80) thrown at [C:\re\workspace\8-2-build-windows-i586-cygwin\jdk8u201\12322\hotspot\src\share\vm\prims\jni.cpp, line 709]
Event: 13.186 Thread 0x028a1c00 Exception <a 'gnu/io/PortInUseException': No error in open> (0x04dbba20) thrown at [C:\re\workspace\8-2-build-windows-i586-cygwin\jdk8u201\12322\hotspot\src\share\vm\prims\jni.cpp, line 735]
Event: 13.187 Thread 0x028a1c00 Exception <a 'java/lang/NullPointerException'> (0x04dc6d08) thrown at [C:\re\workspace\8-2-build-windows-i586-cygwin\jdk8u201\12322\hotspot\src\share\vm\interpreter\linkResolver.cpp, line 1185]
Event: 33.901 Thread 0x028a1c00 Exception <a 'gnu/io/PortInUseException': No error in open> (0x04e831e0) thrown at [C:\re\workspace\8-2-build-windows-i586-cygwin\jdk8u201\12322\hotspot\src\share\vm\prims\jni.cpp, line 735]
Event: 33.902 Thread 0x028a1c00 Exception <a 'java/lang/NullPointerException'> (0x04e89018) thrown at [C:\re\workspace\8-2-build-windows-i586-cygwin\jdk8u201\12322\hotspot\src\share\vm\interpreter\linkResolver.cpp, line 1185]

Events (10 events):
Event: 109.909 Executing VM operation: RevokeBias done
Event: 109.909 Executing VM operation: RevokeBias
Event: 109.909 Executing VM operation: RevokeBias done
Event: 109.909 Thread 0x15dd0800 Thread exited: 0x15dd0800
Event: 109.909 Executing VM operation: RevokeBias
Event: 109.909 Executing VM operation: RevokeBias done
Event: 109.909 Executing VM operation: RevokeBias
Event: 109.909 Executing VM operation: RevokeBias done
Event: 109.909 Executing VM operation: RevokeBias
Event: 109.909 Executing VM operation: RevokeBias done


Dynamic libraries:
0x01000000 - 0x01033000 	C:\Program Files (x86)\Java\jdk1.8.0_201\bin\java.exe
0x772a0000 - 0x77444000 	C:\Windows\SYSTEM32\ntdll.dll
0x76fa0000 - 0x77090000 	C:\Windows\System32\KERNEL32.DLL
0x769f0000 - 0x76c09000 	C:\Windows\System32\KERNELBASE.dll
0x72d40000 - 0x72ddf000 	C:\Windows\SYSTEM32\apphelp.dll
0x75770000 - 0x757eb000 	C:\Windows\System32\ADVAPI32.dll
0x76e90000 - 0x76f4f000 	C:\Windows\System32\msvcrt.dll
0x760e0000 - 0x76156000 	C:\Windows\System32\sechost.dll
0x75c10000 - 0x75cce000 	C:\Windows\System32\RPCRT4.dll
0x75850000 - 0x759ec000 	C:\Windows\System32\USER32.dll
0x75bf0000 - 0x75c08000 	C:\Windows\System32\win32u.dll
0x77090000 - 0x770b3000 	C:\Windows\System32\GDI32.dll
0x771b0000 - 0x7728c000 	C:\Windows\System32\gdi32full.dll
0x759f0000 - 0x75a6b000 	C:\Windows\System32\msvcp_win.dll
0x75650000 - 0x75770000 	C:\Windows\System32\ucrtbase.dll
0x6ffb0000 - 0x701c0000 	C:\Windows\WinSxS\x86_microsoft.windows.common-controls_6595b64144ccf1df_6.0.19041.1110_none_a8625c1886757984\COMCTL32.dll
0x76840000 - 0x76865000 	C:\Windows\System32\IMM32.DLL
0x5d320000 - 0x5d3df000 	C:\Program Files (x86)\Java\jdk1.8.0_201\jre\bin\msvcr100.dll
0x5cf40000 - 0x5d315000 	C:\Program Files (x86)\Java\jdk1.8.0_201\jre\bin\client\jvm.dll
0x755b0000 - 0x755b6000 	C:\Windows\System32\PSAPI.DLL
0x73970000 - 0x73998000 	C:\Windows\SYSTEM32\WINMM.dll
0x74660000 - 0x74668000 	C:\Windows\SYSTEM32\VERSION.dll
0x70620000 - 0x70628000 	C:\Windows\SYSTEM32\WSOCK32.dll
0x75d30000 - 0x75d93000 	C:\Windows\System32\WS2_32.dll
0x5cf30000 - 0x5cf3c000 	C:\Program Files (x86)\Java\jdk1.8.0_201\jre\bin\verify.dll
0x5cf00000 - 0x5cf21000 	C:\Program Files (x86)\Java\jdk1.8.0_201\jre\bin\java.dll
0x70640000 - 0x70660000 	C:\Program Files (x86)\Java\jdk1.8.0_201\jre\bin\instrument.dll
0x5cee0000 - 0x5cef4000 	C:\Program Files (x86)\Java\jdk1.8.0_201\jre\bin\zip.dll
0x76160000 - 0x76716000 	C:\Windows\System32\SHELL32.dll
0x74770000 - 0x74d7c000 	C:\Windows\SYSTEM32\windows.storage.dll
0x75e50000 - 0x760cf000 	C:\Windows\System32\combase.dll
0x745a0000 - 0x745c7000 	C:\Windows\SYSTEM32\Wldp.dll
0x755c0000 - 0x75647000 	C:\Windows\System32\SHCORE.dll
0x767f0000 - 0x76835000 	C:\Windows\System32\shlwapi.dll
0x73790000 - 0x737a8000 	C:\Windows\SYSTEM32\profapi.dll
0x57600000 - 0x57616000 	C:\Program Files\JetBrains\IntelliJ IDEA 2022.1.1\bin\breakgen.dll
0x57800000 - 0x57815000 	C:\Program Files (x86)\Java\jdk1.8.0_201\jre\bin\net.dll
0x734b0000 - 0x73658000 	C:\Windows\SYSTEM32\urlmon.dll
0x737d0000 - 0x737db000 	C:\Windows\SYSTEM32\netutils.dll
0x73260000 - 0x7327d000 	C:\Windows\SYSTEM32\srvcli.dll
0x73280000 - 0x734ad000 	C:\Windows\SYSTEM32\iertutil.dll
0x746a0000 - 0x746f2000 	C:\Windows\system32\mswsock.dll
0x739f0000 - 0x73a80000 	C:\Windows\SYSTEM32\DNSAPI.dll
0x74130000 - 0x74162000 	C:\Windows\SYSTEM32\IPHLPAPI.DLL
0x760d0000 - 0x760d7000 	C:\Windows\System32\NSI.dll
0x730c0000 - 0x730c8000 	C:\Windows\System32\rasadhlp.dll
0x730d0000 - 0x73129000 	C:\Windows\System32\fwpuclnt.dll
0x76d00000 - 0x76d19000 	C:\Windows\System32\bcrypt.dll
0x575f0000 - 0x575fa000 	C:\Program Files (x86)\Java\jdk1.8.0_201\jre\bin\management.dll
0x577f0000 - 0x577ff000 	C:\Program Files (x86)\Java\jdk1.8.0_201\jre\bin\nio.dll
0x72820000 - 0x72833000 	C:\Windows\SYSTEM32\CRYPTSP.dll
0x72770000 - 0x7279f000 	C:\Windows\system32\rsaenh.dll
0x75140000 - 0x75165000 	C:\Windows\SYSTEM32\USERENV.dll
0x757f0000 - 0x7584f000 	C:\Windows\System32\bcryptprimitives.dll
0x72c70000 - 0x72c7a000 	C:\Windows\SYSTEM32\CRYPTBASE.dll
0x70880000 - 0x70894000 	C:\Windows\SYSTEM32\dhcpcsvc6.DLL
0x74fb0000 - 0x74fc6000 	C:\Windows\SYSTEM32\dhcpcsvc.DLL
0x72c50000 - 0x72c61000 	C:\Windows\system32\napinsp.dll
0x72c30000 - 0x72c46000 	C:\Windows\system32\pnrpnsp.dll
0x72c20000 - 0x72c30000 	C:\Windows\system32\wshbth.dll
0x72c00000 - 0x72c16000 	C:\Windows\system32\NLAapi.dll
0x72bf0000 - 0x72bfe000 	C:\Windows\System32\winrnr.dll
0x22000000 - 0x22152000 	C:\Users\Yan\AppData\Local\Temp\lib\vspdctl.dll
0x75170000 - 0x755a9000 	C:\Windows\System32\setupapi.dll
0x75bb0000 - 0x75beb000 	C:\Windows\System32\cfgmgr32.dll
0x6ae40000 - 0x6ae94000 	C:\Users\Yan\AppData\Local\Temp\libNRJavaSerial_Yan_0\libNRJavaSerial.dll
0x73ab0000 - 0x73c38000 	C:\Windows\SYSTEM32\dbghelp.dll

VM Arguments:
jvm_args: -XX:TieredStopAtLevel=1 -Xverify:none -Dspring.output.ansi.enabled=always -Dcom.sun.management.jmxremote -Dspring.jmx.enabled=true -Dspring.liveBeansView.mbeanDomain -Dspring.application.admin.enabled=true -javaagent:C:\Program Files\JetBrains\IntelliJ IDEA 2022.1.1\lib\idea_rt.jar=1545:C:\Program Files\JetBrains\IntelliJ IDEA 2022.1.1\bin -Dfile.encoding=UTF-8 
java_command: com.sexychan.doogidoogi.DoogidoogiApplication
java_class_path (initial): C:\Program Files (x86)\Java\jdk1.8.0_201\jre\lib\charsets.jar;C:\Program Files (x86)\Java\jdk1.8.0_201\jre\lib\deploy.jar;C:\Program Files (x86)\Java\jdk1.8.0_201\jre\lib\ext\access-bridge-32.jar;C:\Program Files (x86)\Java\jdk1.8.0_201\jre\lib\ext\cldrdata.jar;C:\Program Files (x86)\Java\jdk1.8.0_201\jre\lib\ext\dnsns.jar;C:\Program Files (x86)\Java\jdk1.8.0_201\jre\lib\ext\jaccess.jar;C:\Program Files (x86)\Java\jdk1.8.0_201\jre\lib\ext\jfxrt.jar;C:\Program Files (x86)\Java\jdk1.8.0_201\jre\lib\ext\localedata.jar;C:\Program Files (x86)\Java\jdk1.8.0_201\jre\lib\ext\nashorn.jar;C:\Program Files (x86)\Java\jdk1.8.0_201\jre\lib\ext\sunec.jar;C:\Program Files (x86)\Java\jdk1.8.0_201\jre\lib\ext\sunjce_provider.jar;C:\Program Files (x86)\Java\jdk1.8.0_201\jre\lib\ext\sunmscapi.jar;C:\Program Files (x86)\Java\jdk1.8.0_201\jre\lib\ext\sunpkcs11.jar;C:\Program Files (x86)\Java\jdk1.8.0_201\jre\lib\ext\zipfs.jar;C:\Program Files (x86)\Java\jdk1.8.0_201\jre\lib\javaws.jar;C:\Program Files (x86)\Java\jdk1.8.0_201\jre\lib\jce.jar;C:\Program Files (x86)\Java\jdk1.8.0_201\jre\lib\jfr.jar;C:\Program Files (x86)\Java\jdk1.8.0_201\jre\lib\jfxswt.jar;C:\Program Files (x86)\Java\jdk1.8.0_201\jre\lib\jsse.jar;C:\Program Files (x86)\Java\jdk1.8.0_201\jre\lib\management-agent.jar;C:\Program Files (x86)\Java\jdk1.8.0_201\jre\lib\plugin.jar;C:\Program Files (x86)\Java\jdk1.8.0_201\jre\lib\resources.jar;C:\Program Files (x86)\Java\jdk1.8.0_201\jre\lib\rt.jar;C:\Users\Yan\Desktop\doogidoogi\target\classes;C:\Users\Yan\.m2\repository\commons-configuration\commons-configuration\1.6\commons-configuration-1.6.jar;C:\Users\Yan\.m2\repository\commons-collections\commons-collections\3.2.1\commons-collections-3.2.1.jar;C:\Users\Yan\.m2\repository\commons-lang\commons-lang\2.4\commons-lang-2.4.jar;C:\Users\Yan\.m2\repository\commons-logging\commons-logging\1.1.1\commons-logging-1.1.1.jar;C:\Users\Yan\.m2\repository\commons-digester\commons-digester\1.8\commons-digester-
Launcher Type: SUN_STANDARD

Environment Variables:
JAVA_HOME=C:\Users\Yan\.jdks\corretto-1.8.0_332
CLASSPATH=.;C:\Users\Yan\.jdks\corretto-1.8.0_332\lib\dt.jar;C:\Users\Yan\.jdks\corretto-1.8.0_332\lib\tools.jar;
PATH=C:\Program Files (x86)\Common Files\Oracle\Java\javapath;C:\Program Files (x86)\Common Files\Intel\Shared Libraries\redist\intel64_win\compiler;C:\Windows\system32;C:\Windows;C:\Windows\System32\Wbem;C:\Windows\System32\WindowsPowerShell\v1.0\;C:\Windows\System32\OpenSSH\;C:\Program Files\Common Files\Autodesk Shared\;C:\Program Files (x86)\Autodesk\Backburner\;C:\Program Files\nodejs\;C:\Program Files\Git\cmd;C:\Program Files (x86)\NVIDIA Corporation\PhysX\Common;C:\Program Files\NVIDIA Corporation\NVIDIA NvDLISR;C:\Program Files (x86)\Intel\Intel(R) Management Engine Components\DAL;C:\Program Files\Intel\Intel(R) Management Engine Components\DAL;C:\Program Files (x86)\Bluetooth Command Line Tools\bin;C:\Program Files\dotnet\;C:\Program Files (x86)\NetSarang\Xshell 7\;C:\Users\Yan\.jdks\corretto-1.8.0_332\bin;C:\Users\Yan\.jdks\corretto-1.8.0_332\jre\bin;C:\Users\Yan\AppData\Local\Microsoft\WindowsApps;C:\Users\Yan\AppData\Roaming\npm
USERNAME=Yan
OS=Windows_NT
PROCESSOR_IDENTIFIER=Intel64 Family 6 Model 158 Stepping 13, GenuineIntel



---------------  S Y S T E M  ---------------

OS: Windows 10.0 , 64 bit Build 19041 (10.0.19041.1889)

CPU:total 8 (initial active 8) (8 cores per cpu, 1 threads per core) family 6 model 158 stepping 13, cmov, cx8, fxsr, mmx, sse, sse2, sse3, ssse3, sse4.1, sse4.2, popcnt, avx, avx2, aes, clmul, erms, 3dnowpref, lzcnt, tsc, tscinvbit, bmi1, bmi2, adx

Memory: 4k page, physical 33468744k(26062048k free), swap 35565896k(26500936k free)

vm_info: Java HotSpot(TM) Client VM (25.201-b09) for windows-x86 JRE (1.8.0_201-b09), built on Dec 16 2018 00:13:48 by "java_re" with MS VC++ 10.0 (VS2010)

time: Sun Aug 28 12:12:11 2022
timezone: 中国标准时间
elapsed time: 109 seconds (0d 0h 1m 49s)

